80.457031 1.000000 0.000000 0.000000 0.000000 0.000000 1.281777 0.976592 0.793481
23.931396 1.000000 0.000000 0.000000 0.000000 0.000000 -0.366222 -1.709037 -1.464888
16.033936 1.000000 0.000000 0.000000 0.000000 0.000000 -0.976592 -1.403851 -1.403851
16.039795 1.000000 0.000000 0.000000 0.000000 0.000000 1.037629 1.892148 1.281777
16.046387 1.000000 0.000000 0.000000 0.000000 0.000000 -0.549333 -2.197333 -1.403851
16.043213 1.000000 0.000000 0.000000 0.000000 0.000000 0.549333 1.770074 1.709037
16.099609 1.000000 0.000000 0.000000 0.000000 0.000000 0.000000 -1.464888 -1.648000
15.963379 1.000000 0.000000 0.000000 0.000000 0.000000 -0.244148 1.281777 1.220740
16.105469 1.000000 0.000000 0.000000 0.000000 0.000000 0.671407 -0.854518 -0.915555
24.092285 1.000000 0.000000 0.000000 0.000000 0.000000 -0.549333 0.061037 0.244148
15.956055 1.000000 0.000000 0.000000 0.000000 0.000000 0.427259 1.770074 1.709037
16.019531 1.000000 0.000000 0.000000 0.000000 0.000000 -0.183111 -1.403851 -1.586962
16.048828 1.000000 0.000000 0.000000 0.000000 0.000000 -0.183111 1.342814 1.281777
16.058105 1.000000 0.000000 0.000000 0.000000 0.000000 0.366222 -0.671407 -0.854518
16.009521 1.000000 0.000000 0.000000 0.000000 0.000000 -0.732444 0.366222 0.427259
16.130615 1.000000 0.000000 0.000000 0.000000 0.000000 1.098666 0.244148 0.122074
15.980957 1.000000 0.000000 0.000000 0.000000 0.000000 -1.098666 -0.732444 -0.427259
16.080811 1.000000 0.000000 0.000000 0.000000 0.000000 1.464888 1.281777 0.915555
15.995361 1.000000 0.000000 0.000000 0.000000 0.000000 -1.342814 -1.709037 -1.525925
16.013672 1.000000 0.000000 0.000000 0.000000 0.000000 1.098666 1.953185 1.403851
16.040771 1.000000 0.000000 0.000000 0.000000 0.000000 -0.671407 -2.136296 -1.525925
24.041260 1.000000 0.000000 0.000000 0.000000 0.000000 0.427259 1.892148 1.648000
16.164307 1.000000 0.000000 0.000000 0.000000 0.000000 1.159703 1.464888 0.915555
15.962891 1.000000 0.000000 0.000000 0.000000 0.000000 -1.159703 -1.648000 -1.464888
15.977539 1.000000 0.000000 0.000000 0.000000 0.000000 0.854518 1.831111 1.403851
16.192139 1.000000 0.000000 0.000000 0.000000 0.000000 -0.549333 -2.380444 -1.464888
23.955078 1.000000 0.000000 0.000000 0.000000 0.000000 0.305185 1.648000 1.648000
24.181152 1.000000 0.000000 0.000000 0.000000 0.000000 1.403851 1.403851 0.671407
15.993408 1.000000 0.000000 0.000000 0.000000 0.000000 0.854518 -0.427259 -0.854518
15.951172 1.000000 0.000000 0.000000 0.000000 0.000000 -0.854518 0.061037 0.061037
16.038574 1.000000 0.000000 0.000000 0.000000 0.000000 1.159703 0.183111 0.610370
24.103760 1.000000 0.000000 0.000000 0.000000 0.000000 -1.220740 -0.854518 -0.854518
24.030518 1.000000 0.000000 0.000000 0.000000 0.000000 -0.305185 0.793481 0.976592
24.116211 1.000000 0.000000 0.000000 0.000000 0.000000 1.037629 2.014222 1.403851
23.999512 1.000000 0.000000 0.000000 0.000000 0.000000 1.220740 0.427259 0.366222
24.114990 1.000000 0.000000 0.000000 0.000000 0.000000 -0.061037 -1.342814 -1.281777
23.940674 1.000000 0.000000 0.000000 0.000000 0.000000 -0.976592 -1.648000 -1.403851
24.145020 1.000000 0.000000 0.000000 0.000000 0.000000 -0.915555 -0.183111 -0.061037
24.042969 1.000000 0.000000 0.000000 0.000000 0.000000 0.244148 1.709037 1.525925
24.074951 1.000000 0.000000 0.000000 0.000000 0.000000 1.159703 1.892148 1.037629
24.067139 1.000000 0.000000 0.000000 0.000000 0.000000 0.427259 -0.305185 -0.671407
16.052002 1.000000 0.000000 0.000000 0.000000 0.000000 -0.610370 -2.014222 -1.281777
15.974854 1.000000 0.000000 0.000000 0.000000 0.000000 0.183111 1.770074 1.403851
24.130615 1.000000 0.000000 0.000000 0.000000 0.000000 0.122074 -0.976592 -1.281777
24.096191 1.000000 0.000000 0.000000 0.000000 0.000000 -1.098666 -1.648000 -1.586962
23.954590 1.000000 0.000000 0.000000 0.000000 0.000000 -0.854518 -0.183111 0.000000
24.022949 1.000000 0.000000 0.000000 0.000000 0.000000 0.061037 1.586962 1.464888
24.125732 1.000000 0.000000 0.000000 0.000000 0.000000 0.915555 1.525925 1.342814
24.013672 1.000000 0.000000 0.000000 0.000000 0.000000 0.854518 -0.244148 -0.488296
16.054932 1.000000 0.000000 0.000000 0.000000 0.000000 -0.488296 -1.831111 -1.525925
16.083008 1.000000 0.000000 0.000000 0.000000 0.000000 0.122074 1.709037 1.342814
15.997070 1.000000 0.000000 0.000000 0.000000 0.000000 0.183111 -1.098666 -1.098666
16.102539 1.000000 0.000000 0.000000 0.000000 0.000000 -0.549333 0.854518 0.732444
16.012939 1.000000 0.000000 0.000000 0.000000 0.000000 0.854518 -0.183111 -0.244148
24.073730 1.000000 0.000000 0.000000 0.000000 0.000000 -1.098666 -0.549333 0.305185
24.009277 1.000000 0.000000 0.000000 0.000000 0.000000 0.183111 1.709037 1.281777
16.170410 1.000000 0.000000 0.000000 0.000000 0.000000 0.732444 1.709037 1.342814
15.954834 1.000000 0.000000 0.000000 0.000000 0.000000 -0.671407 -1.831111 -1.586962
16.033691 1.000000 0.000000 0.000000 0.000000 0.000000 0.549333 2.075259 1.525925
16.010254 1.000000 0.000000 0.000000 0.000000 0.000000 -0.244148 -2.014222 -1.220740
16.048584 1.000000 0.000000 0.000000 0.000000 0.000000 0.000000 1.586962 1.586962
16.172119 1.000000 0.000000 0.000000 0.000000 0.000000 0.244148 -0.915555 -1.281777
15.983643 1.000000 0.000000 0.000000 0.000000 0.000000 -0.427259 0.610370 0.671407
16.065918 1.000000 0.000000 0.000000 0.000000 0.000000 0.671407 -0.061037 -0.305185
15.995361 1.000000 0.000000 0.000000 0.000000 0.000000 -0.671407 -0.549333 -0.244148
15.879395 1.000000 0.000000 0.000000 0.000000 0.000000 1.098666 0.732444 0.793481
16.229736 1.000000 0.000000 0.000000 0.000000 0.000000 -1.159703 -1.464888 -1.098666
15.937744 1.000000 0.000000 0.000000 0.000000 0.000000 1.220740 1.709037 1.403851
16.037842 1.000000 0.000000 0.000000 0.000000 0.000000 -1.037629 -1.831111 -1.648000
16.088623 1.000000 0.000000 0.000000 0.000000 0.000000 0.671407 2.014222 1.709037
16.055176 1.000000 0.000000 0.000000 0.000000 0.000000 -0.366222 -1.831111 -1.586962
16.098145 1.000000 0.000000 0.000000 0.000000 0.000000 0.000000 1.525925 1.403851
15.917236 1.000000 0.000000 0.000000 0.000000 0.000000 0.122074 -0.976592 -1.098666
16.036865 1.000000 0.000000 0.000000 0.000000 0.000000 -0.610370 0.488296 0.610370
15.999023 1.000000 0.000000 0.000000 0.000000 0.000000 0.854518 -0.061037 0.061037
16.042725 1.000000 0.000000 0.000000 0.000000 0.000000 -1.342814 -0.488296 -0.061037
16.045410 1.000000 0.000000 0.000000 0.000000 0.000000 1.281777 1.037629 0.549333
16.010986 1.000000 0.000000 0.000000 0.000000 0.000000 -1.281777 -1.342814 -1.098666
16.063965 1.000000 0.000000 0.000000 0.000000 0.000000 0.976592 1.831111 1.281777
16.045410 1.000000 0.000000 0.000000 0.000000 0.000000 -0.915555 -2.136296 -1.525925
16.031494 1.000000 0.000000 0.000000 0.000000 0.000000 0.732444 1.525925 2.136296
16.033447 1.000000 0.000000 0.000000 0.000000 0.000000 -0.366222 -1.525925 -1.648000
16.069336 1.000000 0.000000 0.000000 0.000000 0.000000 -0.061037 1.464888 1.342814
16.042969 1.000000 0.000000 0.000000 0.000000 0.000000 0.122074 -0.915555 -0.915555
15.988525 1.000000 0.000000 0.000000 0.000000 0.000000 -0.488296 0.427259 0.427259
16.035645 1.000000 0.000000 0.000000 0.000000 0.000000 1.037629 0.000000 -0.183111
16.036133 1.000000 0.000000 0.000000 0.000000 0.000000 -1.220740 -0.549333 -0.183111
16.051270 1.000000 0.000000 0.000000 0.000000 0.000000 1.159703 0.976592 0.793481
16.117920 1.000000 0.000000 0.000000 0.000000 0.000000 -1.220740 -1.403851 -1.220740
15.992188 1.000000 0.000000 0.000000 0.000000 0.000000 1.098666 1.831111 1.403851
16.115723 1.000000 0.000000 0.000000 0.000000 0.000000 -0.793481 -1.831111 -1.525925
15.998535 1.000000 0.000000 0.000000 0.000000 0.000000 0.488296 1.831111 1.648000
15.935791 1.000000 0.000000 0.000000 0.000000 0.000000 -0.366222 -1.770074 -1.403851
24.094238 1.000000 0.000000 0.000000 0.000000 0.000000 -0.183111 1.525925 1.159703
16.097656 1.000000 0.000000 0.000000 0.000000 0.000000 0.732444 1.892148 1.220740
16.001465 1.000000 0.000000 0.000000 0.000000 0.000000 -0.793481 -2.197333 -1.464888
15.995361 1.000000 0.000000 0.000000 0.000000 0.000000 0.488296 1.770074 1.770074
16.061035 1.000000 0.000000 0.000000 0.000000 0.000000 -0.183111 -1.525925 -1.648000
16.007812 1.000000 0.000000 0.000000 0.000000 0.000000 -0.061037 1.281777 1.342814
16.022217 1.000000 0.000000 0.000000 0.000000 0.000000 0.427259 -0.610370 -1.037629
24.129150 1.000000 0.000000 0.000000 0.000000 0.000000 -0.671407 0.305185 0.366222
24.021973 1.000000 0.000000 0.000000 0.000000 0.000000 0.549333 1.831111 1.831111
24.029053 1.000000 0.000000 0.000000 0.000000 0.000000 1.220740 1.159703 0.915555
24.076904 1.000000 0.000000 0.000000 0.000000 0.000000 0.366222 -0.854518 -1.159703
16.035889 1.000000 0.000000 0.000000 0.000000 0.000000 -0.854518 -1.953185 -1.403851
16.106689 1.000000 0.000000 0.000000 0.000000 0.000000 0.549333 1.953185 1.770074
16.021729 1.000000 0.000000 0.000000 0.000000 0.000000 -0.305185 -1.831111 -1.342814
15.947754 1.000000 0.000000 0.000000 0.000000 0.000000 0.000000 1.342814 1.220740
16.143799 1.000000 0.000000 0.000000 0.000000 0.000000 0.549333 -0.610370 -1.037629
15.943604 1.000000 0.000000 0.000000 0.000000 0.000000 -0.610370 0.244148 0.427259
16.076660 1.000000 0.000000 0.000000 0.000000 0.000000 0.854518 0.122074 0.183111
16.085693 1.000000 0.000000 0.000000 0.000000 0.000000 -0.915555 -0.732444 -0.305185
15.968750 1.000000 0.000000 0.000000 0.000000 0.000000 1.037629 1.220740 0.671407
24.091309 1.000000 0.000000 0.000000 0.000000 0.000000 -1.037629 -1.464888 -1.159703
16.119629 1.000000 0.000000 0.000000 0.000000 0.000000 -0.671407 0.122074 0.610370
15.985352 1.000000 0.000000 0.000000 0.000000 0.000000 0.915555 0.122074 0.061037
15.954346 1.000000 0.000000 0.000000 0.000000 0.000000 -0.915555 -0.488296 -0.610370
16.130615 1.000000 0.000000 0.000000 0.000000 0.000000 0.976592 1.342814 0.915555
16.041260 1.000000 0.000000 0.000000 0.000000 0.000000 -1.220740 -1.648000 -1.464888
16.100098 1.000000 0.000000 0.000000 0.000000 0.000000 0.976592 2.014222 1.525925
15.961426 1.000000 0.000000 0.000000 0.000000 0.000000 -0.488296 -2.197333 -1.525925
16.047852 1.000000 0.000000 0.000000 0.000000 0.000000 0.488296 2.014222 2.014222
16.039307 1.000000 0.000000 0.000000 0.000000 0.000000 -0.183111 -1.586962 -1.525925
16.041260 1.000000 0.000000 0.000000 0.000000 0.000000 -0.305185 1.159703 1.098666
15.968506 1.000000 0.000000 0.000000 0.000000 0.000000 0.488296 -0.732444 -0.976592
16.066406 1.000000 0.000000 0.000000 0.000000 0.000000 -0.671407 0.427259 0.488296
16.009521 1.000000 0.000000 0.000000 0.000000 0.000000 1.159703 0.305185 0.000000
16.073730 1.000000 0.000000 0.000000 0.000000 0.000000 -1.220740 -0.732444 -0.427259
15.982910 1.000000 0.000000 0.000000 0.000000 0.000000 1.403851 1.281777 0.732444
16.012207 1.000000 0.000000 0.000000 0.000000 0.000000 -1.342814 -1.525925 -1.403851
16.103760 1.000000 0.000000 0.000000 0.000000 0.000000 1.159703 1.586962 1.586962
16.006104 1.000000 0.000000 0.000000 0.000000 0.000000 -0.915555 -2.136296 -1.342814
16.039551 1.000000 0.000000 0.000000 0.000000 0.000000 0.610370 1.892148 1.586962
16.058838 1.000000 0.000000 0.000000 0.000000 0.000000 -0.122074 -1.403851 -1.525925
16.037598 1.000000 0.000000 0.000000 0.000000 0.000000 0.000000 1.159703 1.098666
16.072510 1.000000 0.000000 0.000000 0.000000 0.000000 0.488296 -0.549333 -0.976592
15.986816 1.000000 0.000000 0.000000 0.000000 0.000000 -0.732444 0.183111 0.488296
16.069824 1.000000 0.000000 0.000000 0.000000 0.000000 0.915555 0.122074 0.183111
15.965332 1.000000 0.000000 0.000000 0.000000 0.000000 -0.976592 -0.610370 -0.549333
16.094482 1.000000 0.000000 0.000000 0.000000 0.000000 1.098666 1.220740 0.854518
16.071777 1.000000 0.000000 0.000000 0.000000 0.000000 -1.159703 -1.586962 -1.342814
16.089600 1.000000 0.000000 0.000000 0.000000 0.000000 1.281777 1.831111 1.525925
16.039062 1.000000 0.000000 0.000000 0.000000 0.000000 -0.854518 -1.953185 -1.403851
15.990479 1.000000 0.000000 0.000000 0.000000 0.000000 0.671407 1.648000 1.586962
16.094971 1.000000 0.000000 0.000000 0.000000 0.000000 -0.366222 -1.403851 -1.586962
16.030518 1.000000 0.000000 0.000000 0.000000 0.000000 -0.122074 1.037629 1.098666
16.078857 1.000000 0.000000 0.000000 0.000000 0.000000 0.488296 -0.305185 -0.732444
16.008789 1.000000 0.000000 0.000000 0.000000 0.000000 -0.732444 0.061037 0.061037
16.041992 1.000000 0.000000 0.000000 0.000000 0.000000 0.854518 0.427259 0.305185
16.079590 1.000000 0.000000 0.000000 0.000000 0.000000 -1.159703 -0.976592 -0.671407
16.001465 1.000000 0.000000 0.000000 0.000000 0.000000 1.159703 1.525925 0.915555
16.004150 1.000000 0.000000 0.000000 0.000000 0.000000 -0.976592 -1.525925 -1.464888
15.980469 1.000000 0.000000 0.000000 0.000000 0.000000 0.915555 1.831111 1.525925
16.049805 1.000000 0.000000 0.000000 0.000000 0.000000 -0.549333 -2.075259 -1.403851
16.035400 1.000000 0.000000 0.000000 0.000000 0.000000 0.183111 1.770074 1.525925
16.061035 1.000000 0.000000 0.000000 0.000000 0.000000 0.000000 -1.220740 -1.586962
16.012695 1.000000 0.000000 0.000000 0.000000 0.000000 -0.305185 0.976592 0.915555
16.060547 1.000000 0.000000 0.000000 0.000000 0.000000 0.671407 -0.183111 -0.793481
16.038818 1.000000 0.000000 0.000000 0.000000 0.000000 -0.915555 -0.366222 0.183111
15.972900 1.000000 0.000000 0.000000 0.000000 0.000000 1.098666 0.732444 0.549333
16.175537 1.000000 0.000000 0.000000 0.000000 0.000000 -0.976592 -1.098666 -0.976592
15.989258 1.000000 0.000000 0.000000 0.000000 0.000000 1.098666 1.342814 1.281777
16.031250 1.000000 0.000000 0.000000 0.000000 0.000000 -0.915555 -1.648000 -1.403851
16.013916 1.000000 0.000000 0.000000 0.000000 0.000000 0.671407 1.586962 1.648000
16.107178 1.000000 0.000000 0.000000 0.000000 0.000000 -0.488296 -1.953185 -1.220740
15.999512 1.000000 0.000000 0.000000 0.000000 0.000000 0.061037 1.525925 1.281777
16.024414 1.000000 0.000000 0.000000 0.000000 0.000000 -0.061037 -1.098666 -1.098666
16.051270 1.000000 0.000000 0.000000 0.000000 0.000000 -0.244148 0.549333 0.610370
16.116943 1.000000 0.000000 0.000000 0.000000 0.000000 0.793481 0.000000 -0.366222
23.935791 1.000000 0.000000 0.000000 0.000000 0.000000 -0.854518 -0.488296 -0.244148
24.088379 1.000000 0.000000 0.000000 0.000000 0.000000 0.061037 1.525925 1.342814
24.076416 1.000000 0.000000 0.000000 0.000000 0.000000 1.037629 1.648000 1.220740
24.113037 1.000000 0.000000 0.000000 0.000000 0.000000 0.793481 0.244148 -0.122074
15.959961 1.000000 0.000000 0.000000 0.000000 0.000000 -0.183111 -1.770074 -1.281777
16.122803 1.000000 0.000000 0.000000 0.000000 0.000000 0.122074 1.220740 0.976592
16.001709 1.000000 0.000000 0.000000 0.000000 0.000000 0.305185 -0.610370 -1.098666
24.050049 1.000000 0.000000 0.000000 0.000000 0.000000 -0.610370 0.366222 0.366222
24.101074 1.000000 0.000000 0.000000 0.000000 0.000000 0.610370 1.709037 1.525925
24.102783 1.000000 0.000000 0.000000 0.000000 0.000000 1.037629 1.159703 0.854518
23.920654 1.000000 0.000000 0.000000 0.000000 0.000000 0.305185 -0.671407 -0.610370
24.192871 1.000000 0.000000 0.000000 0.000000 0.000000 -0.671407 -1.586962 -1.586962
24.054688 1.000000 0.000000 0.000000 0.000000 0.000000 -1.037629 -0.854518 -0.305185
24.055420 1.000000 0.000000 0.000000 0.000000 0.000000 -0.244148 1.281777 0.915555
23.990723 1.000000 0.000000 0.000000 0.000000 0.000000 0.732444 1.831111 1.403851
24.124512 1.000000 0.000000 0.000000 0.000000 0.000000 0.976592 0.427259 0.000000
24.004639 1.000000 0.000000 0.000000 0.000000 0.000000 -0.244148 -1.464888 -1.159703
24.058594 1.000000 0.000000 0.000000 0.000000 0.000000 -0.793481 -1.464888 -1.281777
24.076416 1.000000 0.000000 0.000000 0.000000 0.000000 -0.854518 -0.061037 0.000000
24.041992 1.000000 0.000000 0.000000 0.000000 0.000000 0.244148 1.586962 1.403851
24.114990 1.000000 0.000000 0.000000 0.000000 0.000000 0.915555 1.159703 1.037629
24.002441 1.000000 0.000000 0.000000 0.000000 0.000000 0.549333 -0.305185 -0.671407
24.118408 1.000000 0.000000 0.000000 0.000000 0.000000 -0.427259 -1.648000 -1.342814
24.022949 1.000000 0.000000 0.000000 0.000000 0.000000 -1.220740 -0.976592 -0.793481
24.124268 1.000000 0.000000 0.000000 0.000000 0.000000 -0.366222 0.549333 0.854518
15.971436 1.000000 0.000000 0.000000 0.000000 0.000000 0.732444 1.709037 1.403851
24.082275 1.000000 0.000000 0.000000 0.000000 0.000000 -0.427259 -1.770074 -1.159703
24.031006 1.000000 0.000000 0.000000 0.000000 0.000000 -0.976592 -1.220740 -0.854518
16.071289 1.000000 0.000000 0.000000 0.000000 0.000000 -0.549333 0.427259 0.549333
23.943848 1.000000 0.000000 0.000000 0.000000 0.000000 0.854518 0.061037 -0.366222
24.104980 1.000000 0.000000 0.000000 0.000000 0.000000 -0.366222 -1.403851 -1.403851
24.047363 1.000000 0.000000 0.000000 0.000000 0.000000 -1.159703 -1.342814 -0.976592
24.075928 1.000000 0.000000 0.000000 0.000000 0.000000 -0.488296 0.488296 0.305185
24.127686 1.000000 0.000000 0.000000 0.000000 0.000000 0.488296 1.464888 1.464888
23.959473 1.000000 0.000000 0.000000 0.000000 0.000000 0.976592 1.342814 0.732444
24.104492 1.000000 0.000000 0.000000 0.000000 0.000000 0.244148 -0.610370 -0.610370
24.089600 1.000000 0.000000 0.000000 0.000000 0.000000 -0.610370 -1.525925 -1.648000
23.986328 1.000000 0.000000 0.000000 0.000000 0.000000 -1.037629 -0.976592 -0.366222
24.055908 1.000000 0.000000 0.000000 0.000000 0.000000 0.000000 0.793481 0.610370
24.052002 1.000000 0.000000 0.000000 0.000000 0.000000 0.854518 1.770074 1.464888
16.126221 1.000000 0.000000 0.000000 0.000000 0.000000 0.976592 0.671407 0.183111
15.999512 1.000000 0.000000 0.000000 0.000000 0.000000 -0.915555 -1.220740 -0.732444
24.046875 1.000000 0.000000 0.000000 0.000000 0.000000 0.732444 1.525925 1.037629
24.062744 1.000000 0.000000 0.000000 0.000000 0.000000 0.427259 0.000000 -0.305185
24.125732 1.000000 0.000000 0.000000 0.000000 0.000000 -0.366222 -1.342814 -1.342814
24.064209 1.000000 0.000000 0.000000 0.000000 0.000000 -0.915555 -1.159703 -0.915555
23.979248 1.000000 0.000000 0.000000 0.000000 0.000000 -0.488296 0.549333 0.671407
24.179688 1.000000 0.000000 0.000000 0.000000 0.000000 0.549333 1.648000 1.403851
23.957520 1.000000 0.000000 0.000000 0.000000 0.000000 0.732444 1.037629 0.427259
24.109375 1.000000 0.000000 0.000000 0.000000 0.000000 0.305185 -1.037629 -0.671407
24.041504 1.000000 0.000000 0.000000 0.000000 0.000000 -0.793481 -1.342814 -1.342814
24.097168 1.000000 0.000000 0.000000 0.000000 0.000000 -0.732444 -0.793481 -0.366222
23.978027 1.000000 0.000000 0.000000 0.000000 0.000000 -0.305185 1.037629 1.159703
24.154053 1.000000 0.000000 0.000000 0.000000 0.000000 0.793481 1.464888 1.464888
23.982910 1.000000 0.000000 0.000000 0.000000 0.000000 0.976592 0.305185 0.122074
24.097412 1.000000 0.000000 0.000000 0.000000 0.000000 0.000000 -1.098666 -1.342814
24.071533 1.000000 0.000000 0.000000 0.000000 0.000000 -0.854518 -1.525925 -1.037629
23.999756 1.000000 0.000000 0.000000 0.000000 0.000000 -0.854518 -0.122074 0.000000
16.016357 1.000000 0.000000 0.000000 0.000000 0.000000 0.122074 1.648000 1.220740
16.037842 1.000000 0.000000 0.000000 0.000000 0.000000 0.000000 -0.976592 -1.159703
16.052979 1.000000 0.000000 0.000000 0.000000 0.000000 -0.305185 0.610370 1.037629
24.144287 1.000000 0.000000 0.000000 0.000000 0.000000 0.427259 -0.183111 -0.305185
23.980225 1.000000 0.000000 0.000000 0.000000 0.000000 -0.244148 -1.648000 -1.525925
24.126953 1.000000 0.000000 0.000000 0.000000 0.000000 -1.098666 -0.915555 -0.976592
24.017578 1.000000 0.000000 0.000000 0.000000 0.000000 -0.549333 0.549333 0.671407
24.102051 1.000000 0.000000 0.000000 0.000000 0.000000 0.671407 1.586962 1.525925
24.091797 1.000000 0.000000 0.000000 0.000000 0.000000 0.854518 0.976592 0.488296
23.962891 1.000000 0.000000 0.000000 0.000000 0.000000 0.366222 -0.671407 -1.037629
24.154053 1.000000 0.000000 0.000000 0.000000 0.000000 -0.915555 -1.770074 -1.281777
23.978516 1.000000 0.000000 0.000000 0.000000 0.000000 -0.915555 -0.671407 -0.366222
16.079834 1.000000 0.000000 0.000000 0.000000 0.000000 -0.122074 1.098666 1.037629
15.994873 1.000000 0.000000 0.000000 0.000000 0.000000 0.427259 -0.610370 -0.732444
16.127686 1.000000 0.000000 0.000000 0.000000 0.000000 -0.610370 0.061037 0.305185
24.000977 1.000000 0.000000 0.000000 0.000000 0.000000 0.854518 0.305185 0.000000
24.052979 1.000000 0.000000 0.000000 0.000000 0.000000 -0.244148 -1.098666 -1.037629
24.039551 1.000000 0.000000 0.000000 0.000000 0.000000 -1.220740 -1.586962 -1.403851
24.144287 1.000000 0.000000 0.000000 0.000000 0.000000 -0.488296 -0.305185 0.244148
24.015381 1.000000 0.000000 0.000000 0.000000 0.000000 0.488296 1.342814 1.220740
24.111084 1.000000 0.000000 0.000000 0.000000 0.000000 0.976592 1.403851 0.915555
24.005127 1.000000 0.000000 0.000000 0.000000 0.000000 0.488296 0.122074 -0.305185
24.171631 1.000000 0.000000 0.000000 0.000000 0.000000 -0.305185 -2.014222 -1.037629
23.957764 1.000000 0.000000 0.000000 0.000000 0.000000 -0.915555 -0.976592 -1.220740
24.100586 1.000000 0.000000 0.000000 0.000000 0.000000 -0.671407 0.549333 0.427259
15.965332 1.000000 0.000000 0.000000 0.000000 0.000000 0.549333 1.648000 1.403851
24.151123 1.000000 0.000000 0.000000 0.000000 0.000000 -0.305185 -1.342814 -1.159703
24.020264 1.000000 0.000000 0.000000 0.000000 0.000000 -0.976592 -1.525925 -0.976592
23.992188 1.000000 0.000000 0.000000 0.000000 0.000000 -0.549333 0.244148 0.183111
16.205566 1.000000 0.000000 0.000000 0.000000 0.000000 0.488296 1.586962 1.403851
23.918457 1.000000 0.000000 0.000000 0.000000 0.000000 -0.122074 -1.403851 -1.037629
24.150879 1.000000 0.000000 0.000000 0.000000 0.000000 -0.793481 -1.342814 -1.281777
24.019043 1.000000 0.000000 0.000000 0.000000 0.000000 -0.793481 0.000000 0.000000
24.093750 1.000000 0.000000 0.000000 0.000000 0.000000 0.305185 1.648000 1.281777
23.999023 1.000000 0.000000 0.000000 0.000000 0.000000 1.098666 1.281777 1.281777
24.052246 1.000000 0.000000 0.000000 0.000000 0.000000 0.610370 -0.244148 -0.488296
24.112061 1.000000 0.000000 0.000000 0.000000 0.000000 -0.549333 -1.831111 -1.464888
23.925781 1.000000 0.000000 0.000000 0.000000 0.000000 -0.976592 -1.098666 -0.732444
24.214355 1.000000 0.000000 0.000000 0.000000 0.000000 -0.366222 0.488296 0.732444
23.985107 1.000000 0.000000 0.000000 0.000000 0.000000 0.610370 1.648000 1.464888
24.106934 1.000000 0.000000 0.000000 0.000000 0.000000 0.976592 0.915555 0.305185
24.013916 1.000000 0.000000 0.000000 0.000000 0.000000 0.122074 -1.281777 -0.793481
16.001221 1.000000 0.000000 0.000000 0.000000 0.000000 -0.610370 -1.586962 -1.525925
16.052002 1.000000 0.000000 0.000000 0.000000 0.000000 0.671407 1.770074 1.586962
16.043701 1.000000 0.000000 0.000000 0.000000 0.000000 -0.549333 -1.586962 -1.648000
16.086182 1.000000 0.000000 0.000000 0.000000 0.000000 0.000000 1.342814 1.281777
24.049316 1.000000 0.000000 0.000000 0.000000 0.000000 0.366222 -0.854518 -0.976592
24.083740 1.000000 0.000000 0.000000 0.000000 0.000000 -0.915555 -1.831111 -1.525925
23.989502 1.000000 0.000000 0.000000 0.000000 0.000000 -1.159703 -0.610370 -0.549333
24.105469 1.000000 0.000000 0.000000 0.000000 0.000000 -0.183111 0.793481 1.525925
23.956543 0.000000 48.000000 885.000000 16.000000 295.000000 0.976592 1.709037 1.342814
24.130859 0.000000 -10.000000 792.000000 -3.333333 264.000000 0.915555 0.610370 -0.061037
23.956787 0.000000 -51.000000 722.000000 -17.000000 240.666667 0.183111 -1.342814 -1.403851
24.143066 0.000000 -118.000000 614.000000 -39.333333 204.666667 3.723258 -1.770074 -1.098666
24.015869 0.000000 -157.000000 550.000000 -52.333333 183.333333 18.738365 -0.122074 -0.183111
24.026123 0.000000 -200.000000 471.000000 -66.666667 157.000000 38.392285 1.159703 1.342814
24.158691 0.000000 -230.000000 395.000000 -76.666667 131.666667 30.823695 1.464888 1.586962
23.938477 0.000000 -263.000000 318.000000 -87.666667 106.000000 36.500137 -0.732444 0.549333
24.150635 0.000000 -299.000000 244.000000 -99.666667 81.333333 29.786065 -1.525925 -1.403851
24.012451 0.000000 -335.000000 192.000000 -111.666667 64.000000 27.710807 -1.037629 -1.342814
24.119873 0.000000 -401.000000 109.000000 -133.666667 36.333333 33.021027 0.000000 0.549333
23.983398 0.000000 -455.000000 49.000000 -151.666667 16.333333 30.762658 0.671407 2.197333
24.123779 0.000000 -511.000000 -10.000000 -170.333333 -3.333333 45.411542 0.488296 1.220740
23.983887 0.000000 -554.000000 -64.000000 -184.666667 -21.333333 44.862209 -0.915555 -0.183111
16.108887 1.000000 0.000000 0.000000 0.000000 0.000000 48.402356 -4.028443 -4.516739
16.099609 1.000000 0.000000 0.000000 0.000000 0.000000 46.327097 -15.076144 -17.090365
16.019775 1.000000 0.000000 0.000000 0.000000 0.000000 -0.488296 -6.042665 -10.681478
24.021240 1.000000 0.000000 0.000000 0.000000 0.000000 -0.183111 0.427259 3.906369
24.054688 1.000000 0.000000 0.000000 0.000000 0.000000 17.334513 -0.183111 0.793481
23.940674 1.000000 0.000000 0.000000 0.000000 0.000000 22.339549 1.342814 0.732444
24.157471 1.000000 0.000000 0.000000 0.000000 0.000000 2.624592 -1.953185 0.183111
24.012207 1.000000 0.000000 0.000000 0.000000 0.000000 -13.061922 -0.488296 -2.258370
24.119873 1.000000 0.000000 0.000000 0.000000 0.000000 -20.203253 0.061037 -0.793481
24.019531 1.000000 0.000000 0.000000 0.000000 0.000000 -12.451552 0.915555 1.464888
24.002686 1.000000 0.000000 0.000000 0.000000 0.000000 -6.225776 0.488296 1.525925
24.195801 1.000000 0.000000 0.000000 0.000000 0.000000 -7.324442 0.244148 -0.488296
23.958252 1.000000 0.000000 0.000000 0.000000 0.000000 -5.188147 0.000000 -2.136296
24.146240 1.000000 0.000000 0.000000 0.000000 0.000000 -3.418073 -0.854518 -0.366222
23.956787 1.000000 0.000000 0.000000 0.000000 0.000000 -1.770074 0.122074 0.488296
24.159180 1.000000 0.000000 0.000000 0.000000 0.000000 -1.403851 0.915555 0.244148
23.959717 1.000000 0.000000 0.000000 0.000000 0.000000 -1.159703 0.488296 -0.244148
16.091309 1.000000 0.000000 0.000000 0.000000 0.000000 -0.183111 -1.220740 0.244148
24.015869 1.000000 0.000000 0.000000 0.000000 0.000000 -0.976592 0.000000 0.244148
16.162842 1.000000 0.000000 0.000000 0.000000 0.000000 0.122074 0.793481 0.244148
15.958496 1.000000 0.000000 0.000000 0.000000 0.000000 -0.854518 0.061037 -0.793481
16.020996 1.000000 0.000000 0.000000 0.000000 0.000000 0.061037 -0.122074 0.244148
16.025146 1.000000 0.000000 0.000000 0.000000 0.000000 -0.061037 -1.098666 0.122074
24.052246 1.000000 0.000000 0.000000 0.000000 0.000000 -0.244148 0.000000 0.061037
16.032471 1.000000 0.000000 0.000000 0.000000 0.000000 -0.122074 0.610370 0.000000
16.069336 1.000000 0.000000 0.000000 0.000000 0.000000 -0.427259 0.000000 -0.427259
16.086182 1.000000 0.000000 0.000000 0.000000 0.000000 0.000000 0.000000 -0.122074
24.034180 1.000000 0.000000 0.000000 0.000000 0.000000 0.366222 -0.549333 0.244148
24.172119 1.000000 0.000000 0.000000 0.000000 0.000000 0.000000 0.244148 -0.488296
15.950195 1.000000 0.000000 0.000000 0.000000 0.000000 -0.732444 0.061037 -0.549333
16.026855 1.000000 0.000000 0.000000 0.000000 0.000000 0.122074 0.305185 -0.061037
15.990967 1.000000 0.000000 0.000000 0.000000 0.000000 -0.305185 -0.427259 0.000000
16.040527 1.000000 0.000000 0.000000 0.000000 0.000000 0.061037 -0.915555 0.976592
16.059326 1.000000 0.000000 0.000000 0.000000 0.000000 -0.122074 0.000000 -0.366222
16.002441 1.000000 0.000000 0.000000 0.000000 0.000000 0.061037 0.793481 -0.305185
16.048340 1.000000 0.000000 0.000000 0.000000 0.000000 -0.488296 0.427259 -0.366222
16.067871 1.000000 0.000000 0.000000 0.000000 0.000000 -0.061037 -0.427259 0.061037
16.088623 1.000000 0.000000 0.000000 0.000000 0.000000 0.305185 -0.549333 0.366222
16.004883 1.000000 0.000000 0.000000 0.000000 0.000000 -0.061037 -0.488296 0.183111
16.002197 1.000000 0.000000 0.000000 0.000000 0.000000 0.305185 0.671407 -0.183111
16.051270 1.000000 0.000000 0.000000 0.000000 0.000000 -0.122074 0.244148 -0.549333
16.002441 1.000000 0.000000 0.000000 0.000000 0.000000 0.000000 0.244148 -0.183111
16.051514 1.000000 0.000000 0.000000 0.000000 0.000000 0.000000 -0.183111 0.000000
16.030029 1.000000 0.000000 0.000000 0.000000 0.000000 0.000000 -0.915555 0.610370
16.066895 1.000000 0.000000 0.000000 0.000000 0.000000 0.061037 0.183111 0.000000
16.126465 1.000000 0.000000 0.000000 0.000000 0.000000 0.000000 0.366222 -0.732444
15.911621 1.000000 0.000000 0.000000 0.000000 0.000000 -0.183111 0.366222 0.000000
16.129395 1.000000 0.000000 0.000000 0.000000 0.000000 -0.061037 -0.061037 -0.427259
15.947021 0.000000 -569.000000 472.000000 -189.666667 157.333333 0.305185 -0.488296 0.305185
16.031982 0.000000 -535.000000 508.000000 -178.333333 169.333333 1.892148 -0.122074 0.061037
16.035889 0.000000 -491.000000 555.000000 -163.666667 185.000000 32.105472 0.183111 -0.793481
16.070557 0.000000 -441.000000 608.000000 -147.000000 202.666667 47.975097 0.732444 -0.793481
16.000244 0.000000 -400.000000 641.000000 -133.333333 213.666667 71.840571 0.000000 -0.061037
16.087646 0.000000 -333.000000 693.000000 -111.000000 231.000000 91.799677 -0.366222 0.488296
15.948486 0.000000 -306.000000 706.000000 -102.000000 235.333333 111.636708 -0.183111 -0.427259
16.003906 0.000000 -193.000000 763.000000 -64.333333 254.333333 110.293893 -0.244148 0.061037
16.064941 0.000000 -106.000000 795.000000 -35.333333 265.000000 91.372417 0.305185 -0.183111
15.998047 0.000000 -68.000000 821.000000 -22.666667 273.666667 72.511979 -0.793481 0.244148
16.062012 0.000000 -27.000000 853.000000 -9.000000 284.333333 49.378948 0.427259 0.000000
24.110107 0.000000 -25.000000 885.000000 -8.333333 295.000000 32.776879 -0.244148 -0.183111
16.042725 0.000000 -53.000000 917.000000 -17.666667 305.666667 2.929777 -0.488296 -0.122074
15.971924 0.000000 -114.000000 931.000000 -38.000000 310.333333 15.381329 -0.061037 -0.244148
16.077881 0.000000 -189.000000 943.000000 -63.000000 314.333333 24.475845 0.000000 -0.305185
16.034424 0.000000 -212.000000 943.000000 -70.666667 314.333333 49.928282 -0.183111 -0.061037
16.041992 0.000000 -295.000000 924.000000 -98.333333 308.000000 66.652425 -0.305185 0.000000
24.013428 0.000000 -331.000000 893.000000 -110.333333 297.666667 76.540422 0.122074 0.061037
24.107422 0.000000 -360.000000 846.000000 -120.000000 282.000000 108.890042 0.244148 -0.305185
23.976562 0.000000 -359.000000 813.000000 -119.666667 271.000000 109.012116 -0.183111 0.427259
24.097900 0.000000 -339.000000 761.000000 -113.000000 253.666667 125.553148 -0.183111 -0.183111
24.098633 0.000000 -311.000000 735.000000 -103.666667 245.000000 118.472854 0.976592 -0.366222
24.003174 0.000000 -274.000000 689.000000 -91.333333 229.666667 112.308115 -0.061037 -0.366222
24.070068 0.000000 -229.000000 652.000000 -76.333333 217.333333 97.354045 -0.183111 0.366222
24.005615 0.000000 -179.000000 614.000000 -59.666667 204.666667 83.986938 0.305185 -0.061037
24.187988 0.000000 -130.000000 569.000000 -43.333333 189.666667 70.436720 0.061037 -0.305185
23.923340 0.000000 -94.000000 523.000000 -31.333333 174.333333 54.017762 0.061037 0.000000
24.151611 0.000000 -76.000000 471.000000 -25.333333 157.000000 37.720878 -0.305185 0.000000
24.007812 0.000000 -75.000000 444.000000 -25.000000 148.000000 29.725028 0.427259 -0.122074
24.029785 0.000000 -82.000000 402.000000 -27.333333 134.000000 25.574511 0.122074 -0.061037
24.119873 0.000000 -89.000000 373.000000 -29.666667 124.333333 24.170660 -0.427259 0.122074
24.019043 0.000000 -102.000000 320.000000 -34.000000 106.666667 28.199103 0.000000 0.000000
24.107178 0.000000 -108.000000 287.000000 -36.000000 95.666667 30.884732 0.366222 0.000000
23.996582 0.000000 -113.000000 242.000000 -37.666667 80.666667 35.218360 -0.183111 0.061037
24.091309 0.000000 -112.000000 208.000000 -37.333333 69.333333 37.171545 -0.305185 -0.061037
24.010742 0.000000 -111.000000 181.000000 -37.000000 60.333333 38.087100 0.061037 0.000000
24.067627 0.000000 -106.000000 153.000000 -35.333333 51.000000 36.866359 0.061037 0.061037
24.121826 0.000000 -101.000000 148.000000 -33.666667 49.333333 35.950804 -0.183111 -0.061037
23.975586 0.000000 -90.000000 150.000000 -30.000000 50.000000 34.180731 -0.122074 -0.122074
16.121582 0.000000 -75.000000 172.000000 -25.000000 57.333333 32.288583 0.732444 -0.854518
24.007812 0.000000 -61.000000 206.000000 -20.333333 68.666667 26.367992 0.244148 -0.549333
15.967041 0.000000 -42.000000 276.000000 -14.000000 92.000000 24.781030 -0.366222 0.000000
16.100830 0.000000 -27.000000 344.000000 -9.000000 114.666667 15.686514 0.000000 -0.244148
16.047852 0.000000 -18.000000 397.000000 -6.000000 132.333333 10.986663 0.122074 -0.061037
15.964111 0.000000 -9.000000 483.000000 -3.000000 161.000000 7.141331 0.427259 -0.122074
16.135498 0.000000 -3.000000 546.000000 -1.000000 182.000000 4.943999 0.244148 -0.244148
16.001221 0.000000 8.000000 645.000000 2.666667 215.000000 1.159703 -0.305185 -0.305185
16.031494 0.000000 21.000000 754.000000 7.000000 251.333333 -0.061037 -0.427259 -0.122074
23.979248 0.000000 30.000000 838.000000 10.000000 279.333333 -5.066073 0.244148 -0.183111
24.113525 1.000000 0.000000 0.000000 0.000000 0.000000 -6.286813 0.427259 -0.305185
23.985596 1.000000 0.000000 0.000000 0.000000 0.000000 -8.178961 -0.244148 0.061037
16.040771 1.000000 0.000000 0.000000 0.000000 0.000000 -3.112888 0.122074 0.244148
24.068359 1.000000 0.000000 0.000000 0.000000 0.000000 0.488296 -0.244148 0.122074
24.076904 1.000000 0.000000 0.000000 0.000000 0.000000 -2.563555 0.427259 0.366222
24.010254 1.000000 0.000000 0.000000 0.000000 0.000000 0.549333 0.000000 -0.183111
16.181885 1.000000 0.000000 0.000000 0.000000 0.000000 0.610370 -0.366222 -0.061037
24.019043 1.000000 0.000000 0.000000 0.000000 0.000000 -0.122074 -0.122074 0.000000
16.011475 1.000000 0.000000 0.000000 0.000000 0.000000 0.244148 0.427259 0.000000
16.030762 1.000000 0.000000 0.000000 0.000000 0.000000 -0.305185 0.183111 0.000000
15.969727 1.000000 0.000000 0.000000 0.000000 0.000000 0.122074 -0.244148 0.061037
16.057617 1.000000 0.000000 0.000000 0.000000 0.000000 0.000000 -0.427259 0.122074
16.029297 1.000000 0.000000 0.000000 0.000000 0.000000 0.183111 0.183111 -0.061037
16.021729 1.000000 0.000000 0.000000 0.000000 0.000000 0.000000 0.305185 0.000000
16.029297 1.000000 0.000000 0.000000 0.000000 0.000000 -0.122074 0.183111 0.000000
16.047852 1.000000 0.000000 0.000000 0.000000 0.000000 0.000000 0.061037 -0.305185
15.932373 0.000000 -74.000000 902.000000 -24.666667 300.666667 -0.183111 -0.305185 -0.305185
16.114502 0.000000 -81.000000 691.000000 -27.000000 230.333333 2.258370 -0.488296 0.122074
16.003662 0.000000 -83.000000 595.000000 -27.666667 198.333333 31.495102 0.244148 -0.488296
16.054199 0.000000 -72.000000 456.000000 -24.000000 152.000000 26.673177 1.220740 0.366222
16.017578 0.000000 -45.000000 323.000000 -15.000000 107.666667 27.161473 -0.122074 0.305185
16.068115 0.000000 -32.000000 240.000000 -10.666667 80.000000 20.264290 -0.122074 -0.183111
16.031006 0.000000 -12.000000 116.000000 -4.000000 38.666667 9.460738 0.366222 -0.061037
16.029541 0.000000 -6.000000 3.000000 -2.000000 1.000000 9.765923 0.000000 -0.366222
15.990479 0.000000 -3.000000 -67.000000 -1.000000 -22.333333 -1.281777 0.183111 -0.122074
16.033447 0.000000 -7.000000 -167.000000 -2.333333 -55.666667 4.638813 0.000000 -0.610370
16.100342 0.000000 -10.000000 -234.000000 -3.333333 -78.000000 -1.281777 3.357036 -19.470809
16.041016 0.000000 -17.000000 -325.000000 -5.666667 -108.333333 5.188147 10.254219 -53.285318
16.074951 0.000000 -27.000000 -371.000000 -9.000000 -123.666667 3.479110 12.939848 -76.174200
15.994629 0.000000 -33.000000 -381.000000 -11.000000 -127.000000 7.873775 13.000885 -93.081454
15.930176 0.000000 -43.000000 -367.000000 -14.333333 -122.333333 9.887997 18.189032 -111.209449
24.093018 0.000000 -51.000000 -331.000000 -17.000000 -110.333333 12.817774 23.560289 -129.886776
16.042725 0.000000 -59.000000 -276.000000 -19.666667 -92.000000 13.672292 19.348735 -118.472854
16.029541 0.000000 -68.000000 -223.000000 -22.666667 -74.333333 19.531846 13.916440 -91.189306
24.115234 0.000000 -81.000000 -182.000000 -27.000000 -60.666667 21.668142 12.146367 -67.995239
16.046387 0.000000 -97.000000 -157.000000 -32.333333 -52.333333 23.682363 9.094516 -46.754357
16.001221 0.000000 -105.000000 -154.000000 -35.000000 -51.333333 31.067843 9.460738 -46.693319
15.979492 0.000000 -114.000000 -147.000000 -38.000000 -49.000000 35.340434 8.423109 -41.871395
16.018311 0.000000 -113.000000 -148.000000 -37.666667 -49.333333 36.072878 9.338664 -49.989319
16.058105 0.000000 -112.000000 -147.000000 -37.333333 -49.000000 39.307840 11.963256 -52.613910
16.048828 0.000000 -99.000000 -161.000000 -33.000000 -53.666667 36.011841 14.893033 -52.430799
15.982422 0.000000 -89.000000 -177.000000 -29.666667 -59.000000 36.194952 14.099551 -50.233467
24.181152 0.000000 -80.000000 -190.000000 -26.666667 -63.333333 29.908139 15.625477 -56.459243
23.960693 0.000000 -66.000000 -214.000000 -22.000000 -71.333333 29.297769 19.165624 -65.187536
24.136230 0.000000 -51.000000 -249.000000 -17.000000 -83.000000 24.842067 17.517624 -63.112278
24.000732 0.000000 -42.000000 -282.000000 -14.000000 -94.000000 23.010956 22.705771 -73.061312
24.017334 0.000000 -33.000000 -302.000000 -11.000000 -100.666667 16.113773 28.992584 -88.686789
24.065186 0.000000 -26.000000 -299.000000 -8.666667 -99.666667 12.146367 30.579546 -98.269601
24.114990 1.000000 0.000000 0.000000 0.000000 0.000000 10.559404 31.861324 -95.828120
24.093506 0.000000 -17.000000 -229.000000 -5.666667 -76.333333 5.859554 29.786065 -88.503677
23.994385 0.000000 -16.000000 -179.000000 -5.333333 -59.666667 1.220740 15.869625 -54.506058
24.037109 0.000000 -21.000000 -165.000000 -7.000000 -55.000000 2.868740 22.583697 -70.009461
24.038330 0.000000 -15.000000 -139.000000 -5.000000 -46.333333 8.850368 20.325327 -49.745170
24.126953 0.000000 -14.000000 -134.000000 -4.666667 -44.666667 2.502518 9.277627 -45.655690
24.000488 0.000000 -12.000000 -136.000000 -4.000000 -45.333333 6.958220 17.273476 -40.772729
23.970459 0.000000 -5.000000 -151.000000 -1.666667 -50.333333 4.699850 15.076144 -43.580432
24.116211 0.000000 -2.000000 -181.000000 -0.666667 -60.333333 2.807703 15.259255 -46.327097
24.041992 0.000000 6.000000 -217.000000 2.000000 -72.333333 2.197333 18.127995 -52.735984
24.179688 0.000000 17.000000 -246.000000 5.666667 -82.000000 1.831111 22.949919 -65.736869
23.908203 0.000000 18.000000 -244.000000 6.000000 -81.333333 -1.770074 26.795251 -77.944273
24.134521 0.000000 4.000000 -170.000000 1.333333 -56.666667 -7.141331 28.687399 -83.925901
24.009521 0.000000 -18.000000 -69.000000 -6.000000 -23.000000 -6.286813 23.255104 -72.756127
24.136230 0.000000 -61.000000 85.000000 -20.333333 28.333333 -0.427259 10.437330 -36.927396
23.986328 0.000000 -110.000000 62.000000 -36.666667 20.666667 8.850368 1.037629 -6.897183
24.099365 0.000000 -132.000000 -29.000000 -44.000000 -9.666667 27.954955 -4.943999 17.517624
15.944336 0.000000 -121.000000 -134.000000 -40.333333 -44.666667 41.138951 -11.108737 30.579546
24.056641 0.000000 -102.000000 -196.000000 -34.000000 -65.333333 45.350505 1.709037 -2.563555
16.035156 0.000000 -58.000000 -310.000000 -19.333333 -103.333333 36.866359 25.391400 -52.308725
16.138916 0.000000 -37.000000 -348.000000 -12.333333 -116.000000 28.565325 23.621326 -72.756127
16.034424 0.000000 -20.000000 -357.000000 -6.666667 -119.000000 9.399701 32.410657 -88.198492
16.007568 0.000000 -19.000000 -349.000000 -6.333333 -116.333333 12.939848 40.223395 -98.879971
24.033447 0.000000 -21.000000 -333.000000 -7.000000 -111.000000 2.563555 54.200873 -114.017151
24.103516 0.000000 -38.000000 -291.000000 -12.666667 -97.000000 5.920591 44.434950 -108.157598
24.017334 0.000000 -58.000000 -239.000000 -19.333333 -79.666667 10.620441 31.983398 -89.480270
24.030029 0.000000 -61.000000 -231.000000 -20.333333 -77.000000 12.573626 36.255989 -71.596423
24.050293 0.000000 -57.000000 -245.000000 -19.000000 -81.666667 17.273476 25.635548 -56.703391
24.047363 0.000000 -52.000000 -275.000000 -17.333333 -91.666667 23.010956 28.321177 -71.169164
24.149414 0.000000 -48.000000 -276.000000 -16.000000 -92.000000 19.592883 41.199988 -84.170049
23.940674 0.000000 -58.000000 -234.000000 -19.333333 -78.000000 14.221625 41.932432 -93.020417
16.097412 0.000000 -68.000000 -157.000000 -22.666667 -52.333333 17.883847 38.270211 -80.446791
15.985596 0.000000 -64.000000 -107.000000 -21.333333 -35.666667 21.851253 30.762658 -62.990204
16.003906 0.000000 -53.000000 -83.000000 -17.666667 -27.666667 23.194067 20.691549 -41.199988
16.057861 0.000000 -41.000000 -86.000000 -13.666667 -28.666667 18.066958 5.981628 -17.578661
16.014893 0.000000 -18.000000 -135.000000 -6.000000 -45.000000 16.846217 3.173925 -3.723258
16.044922 0.000000 1.000000 -189.000000 0.333333 -63.000000 10.437330 16.052736 -21.118809
16.027832 0.000000 28.000000 -259.000000 9.333333 -86.333333 -0.915555 30.335398 -49.684133
16.007080 0.000000 47.000000 -306.000000 15.666667 -102.000000 -1.586962 35.218360 -77.700125
16.041992 0.000000 57.000000 -316.000000 19.000000 -105.333333 -16.602069 43.275246 -96.011231
16.035889 0.000000 67.000000 -301.000000 22.333333 -100.333333 -14.282662 54.445021 -110.232856
16.059814 0.000000 76.000000 -273.000000 25.333333 -91.000000 -22.705771 56.825465 -104.312265
16.087891 1.000000 0.000000 0.000000 0.000000 0.000000 -23.377178 41.199988 -81.301309
15.899414 0.000000 81.000000 -249.000000 27.000000 -83.000000 -26.245918 27.954955 -65.370647
16.133789 0.000000 85.000000 -286.000000 28.333333 -95.333333 6.408887 25.269326 -53.712577
15.979248 0.000000 99.000000 -321.000000 33.000000 -107.000000 -45.411542 36.439100 -63.600574
16.000000 0.000000 111.000000 -381.000000 37.000000 -127.000000 -24.170660 43.214209 -92.226936
24.011475 0.000000 101.000000 -399.000000 33.666667 -133.000000 -33.997620 52.980132 -113.711966
24.138184 0.000000 93.000000 -383.000000 31.000000 -127.666667 -33.753471 55.360576 -138.004700
24.007324 0.000000 75.000000 -325.000000 25.000000 -108.333333 -36.561174 55.177465 -126.834925
24.075684 0.000000 55.000000 -255.000000 18.333333 -85.000000 -28.565325 42.176580 -106.753746
24.071533 0.000000 28.000000 -187.000000 9.333333 -62.333333 -24.903104 32.105472 -81.545457
24.095215 0.000000 11.000000 -145.000000 3.666667 -48.333333 -17.456587 20.935697 -63.356426
24.068848 0.000000 5.000000 -117.000000 1.666667 -39.000000 -5.981628 15.442366 -44.373913
23.997070 0.000000 9.000000 -106.000000 3.000000 -35.333333 -2.624592 15.686514 -35.462508
24.068115 0.000000 26.000000 -124.000000 8.666667 -41.333333 -5.127110 13.916440 -33.326212
24.006348 0.000000 43.000000 -131.000000 14.333333 -43.666667 -5.737480 10.986663 -37.415693
16.091064 0.000000 64.000000 -146.000000 21.333333 -48.666667 -6.469924 19.348735 -48.707541
15.962402 0.000000 71.000000 -139.000000 23.666667 -46.333333 -21.607105 20.447401 -46.388134
16.089355 0.000000 81.000000 -136.000000 27.000000 -45.333333 -24.597919 16.418958 -52.491836
24.082520 0.000000 74.000000 -125.000000 24.666667 -41.666667 -25.635548 15.259255 -44.495987
23.991211 0.000000 66.000000 -101.000000 22.000000 -33.666667 -24.719993 12.085330 -40.711692
24.028564 0.000000 60.000000 -94.000000 20.000000 -31.333333 -23.987548 11.902219 -36.439100
24.152588 0.000000 44.000000 -112.000000 14.666667 -37.333333 -21.546068 9.460738 -25.391400
24.129883 0.000000 17.000000 -173.000000 5.666667 -57.666667 -19.653920 8.606220 -29.297769
23.968994 0.000000 -10.000000 -253.000000 -3.333333 -84.333333 -11.963256 12.451552 -42.420728
16.081055 0.000000 -44.000000 -312.000000 -14.666667 -104.000000 -1.831111 20.813623 -71.596423
16.030273 0.000000 -67.000000 -342.000000 -22.333333 -114.000000 7.202368 25.635548 -84.353160
16.062988 0.000000 -80.000000 -319.000000 -26.666667 -106.333333 22.766808 32.227546 -110.538041
23.930420 0.000000 -76.000000 -289.000000 -25.333333 -96.333333 22.827845 39.063692 -123.966185
24.124268 0.000000 -51.000000 -135.000000 -17.000000 -45.000000 25.635548 25.879696 -92.593158
24.044922 0.000000 -3.000000 5.000000 -1.000000 1.666667 25.208289 26.917325 -74.953459
24.090332 0.000000 42.000000 62.000000 14.000000 20.666667 14.282662 20.691549 -48.951689
24.068848 0.000000 66.000000 77.000000 22.000000 25.666667 -6.836146 -1.831111 -16.418958
23.974854 0.000000 106.000000 29.000000 35.333333 9.666667 -17.578661 1.464888 8.545183
24.159912 0.000000 129.000000 -140.000000 43.000000 -46.666667 -23.377178 -9.033479 34.730064
16.033691 0.000000 121.000000 -348.000000 40.333333 -116.000000 -37.720878 0.488296 -1.953185
23.986572 0.000000 104.000000 -432.000000 34.666667 -144.000000 -44.312876 13.000885 -29.786065
24.067139 0.000000 72.000000 -527.000000 24.000000 -175.666667 -40.284433 12.451552 -65.187536
24.042236 0.000000 48.000000 -529.000000 16.000000 -176.333333 -33.143101 23.499252 -86.062197
16.018066 0.000000 35.000000 -506.000000 11.666667 -168.666667 -19.104587 31.922361 -110.721152
16.027100 0.000000 48.000000 -472.000000 16.000000 -157.333333 -13.183996 30.213324 -128.788110
16.064941 0.000000 59.000000 -425.000000 19.666667 -141.666667 -12.085330 32.837916 -150.151067
16.013672 0.000000 87.000000 -323.000000 29.000000 -107.666667 -21.668142 37.965026 -165.410321
16.148682 0.000000 107.000000 -120.000000 35.666667 -40.000000 -20.569475 33.021027 -137.821589
16.002441 0.000000 109.000000 42.000000 36.333333 14.000000 -37.171545 21.912290 -100.527970
16.011719 0.000000 86.000000 262.000000 28.666667 87.333333 -36.378063 16.418958 -71.779534
16.017090 0.000000 38.000000 448.000000 12.666667 149.333333 -34.119694 14.099551 -52.430799
16.028564 0.000000 6.000000 547.000000 2.000000 182.333333 -20.691549 8.911405 -40.040284
15.995117 0.000000 -38.000000 683.000000 -12.666667 227.666667 -3.479110 0.000000 -25.757622
16.024414 0.000000 -65.000000 807.000000 -21.666667 269.000000 2.868740 -0.488296 -7.629627
16.053223 0.000000 -70.000000 884.000000 -23.333333 294.666667 19.775994 0.610370 12.207404
16.091797 0.000000 -58.000000 943.000000 -19.333333 314.333333 24.048585 -2.624592 31.495102
15.992920 0.000000 -43.000000 934.000000 -14.333333 311.333333 20.874660 -9.704886 52.125614
16.015137 0.000000 30.000000 803.000000 10.000000 267.666667 17.090365 -16.724143 71.291238
16.052002 0.000000 92.000000 612.000000 30.666667 204.000000 9.277627 -22.156438 90.090640
15.968506 0.000000 133.000000 465.000000 44.333333 155.000000 -14.893033 -23.987548 109.927671
16.039062 0.000000 180.000000 244.000000 60.000000 81.333333 -35.523545 -24.109622 131.229591
16.045898 0.000000 195.000000 36.000000 65.000000 12.000000 -51.210059 -27.222510 151.127659
16.081299 0.000000 198.000000 -95.000000 66.000000 -31.666667 -68.178350 -24.719993 128.666036
16.013428 0.000000 203.000000 -262.000000 67.666667 -87.333333 -62.990204 -16.235847 94.790490
16.039551 0.000000 218.000000 -336.000000 72.666667 -112.000000 -63.478500 -7.873775 57.924131
16.025391 0.000000 245.000000 -374.000000 81.666667 -124.666667 -73.305460 -4.272591 29.908139
16.038818 0.000000 323.000000 -397.000000 107.666667 -132.333333 -78.127384 -3.723258 13.000885
16.001465 0.000000 369.000000 -393.000000 123.000000 -131.000000 -92.837306 1.281777 3.845332
16.020752 0.000000 434.000000 -387.000000 144.666667 -129.000000 -110.049745 2.502518 -10.498367
16.078125 0.000000 443.000000 -376.000000 147.666667 -125.333333 -132.267220 -0.305185 -28.870510
15.970703 0.000000 405.000000 -366.000000 135.000000 -122.000000 -149.174474 -4.516739 -52.064577
16.085205 1.000000 0.000000 0.000000 0.000000 0.000000 -142.765587 -5.859554 -72.389904
24.036133 0.000000 201.000000 -269.000000 67.000000 -89.666667 -122.623371 -7.324442 -91.006195
24.075195 0.000000 25.000000 -107.000000 8.333333 -35.666667 -90.945158 -5.432295 -46.937468
24.013672 0.000000 -99.000000 26.000000 -33.000000 8.666667 -67.934202 -15.808588 -69.277017
24.117188 0.000000 -202.000000 165.000000 -67.333333 55.000000 -31.373028 -1.281777 -46.205023
23.998291 0.000000 -290.000000 330.000000 -96.666667 110.000000 -5.371258 -9.643849 6.714072
24.099121 0.000000 -333.000000 390.000000 -111.000000 130.000000 27.222510 15.198218 31.311991
24.002930 0.000000 -358.000000 363.000000 -119.333333 121.000000 59.327982 13.428144 54.628132
24.081787 0.000000 -349.000000 282.000000 -116.333333 94.000000 89.419233 7.324442 85.146641
23.990723 0.000000 -283.000000 141.000000 -94.333333 47.000000 117.496261 16.846217 111.941893
24.168213 0.000000 -180.000000 -79.000000 -60.000000 -26.333333 110.599078 10.498367 85.940123
24.051025 0.000000 -105.000000 -249.000000 -35.000000 -83.000000 88.808863 -0.122074 42.298654
23.970947 0.000000 1.000000 -466.000000 0.333333 -155.333333 48.951689 -4.943999 7.690664
24.046631 0.000000 60.000000 -567.000000 20.000000 -189.000000 28.138066 1.220740 -14.038514
16.143311 0.000000 80.000000 -617.000000 26.666667 -205.666667 -3.906369 5.066073 -36.927396
15.980469 0.000000 74.000000 -629.000000 24.666667 -209.666667 -22.156438 0.915555 -58.900723
15.980957 0.000000 51.000000 -590.000000 17.000000 -196.666667 -28.870510 -5.432295 -81.789605
24.043213 0.000000 31.000000 -489.000000 10.333333 -163.000000 -18.066958 -3.601184 -102.969451
24.057861 0.000000 32.000000 -299.000000 10.666667 -99.666667 -15.015107 3.906369 -128.666036
24.018311 0.000000 38.000000 25.000000 12.666667 8.333333 -11.535997 0.122074 -157.353435
24.103516 0.000000 49.000000 435.000000 16.333333 145.000000 -11.169774 -3.967406 -113.895077
24.154785 0.000000 72.000000 851.000000 24.000000 283.666667 -15.137181 -2.685629 -64.027833
23.950928 1.000000 0.000000 0.000000 0.000000 0.000000 -17.700735 6.591998 -33.326212
24.106445 1.000000 0.000000 0.000000 0.000000 0.000000 -20.325327 -2.380444 -11.108737
23.976807 1.000000 0.000000 0.000000 0.000000 0.000000 4.638813 -3.906369 11.719108
24.152100 1.000000 0.000000 0.000000 0.000000 0.000000 1.403851 3.357036 -1.403851
24.011475 1.000000 0.000000 0.000000 0.000000 0.000000 -2.502518 3.234962 -9.765923
24.017090 0.000000 109.000000 946.000000 36.333333 315.333333 -0.488296 -6.225776 -3.051851
24.042725 0.000000 120.000000 875.000000 40.000000 291.666667 -2.441481 0.610370 -2.807703
24.091309 0.000000 109.000000 756.000000 36.333333 252.000000 -45.228431 5.615406 39.429914
24.101562 0.000000 25.000000 548.000000 8.333333 182.666667 -34.302805 2.258370 81.118198
16.019043 0.000000 -42.000000 318.000000 -14.000000 106.000000 -36.378063 6.408887 106.936857
16.002197 0.000000 -103.000000 76.000000 -34.333333 25.333333 -1.037629 8.362072 122.440260
16.010986 0.000000 -152.000000 -164.000000 -50.666667 -54.666667 10.864589 9.277627 109.805597
16.111816 0.000000 -167.000000 -384.000000 -55.666667 -128.000000 32.532731 10.315256 73.915830
23.977295 0.000000 -171.000000 -503.000000 -57.000000 -167.666667 56.947539 6.347850 41.566210
16.100830 0.000000 -145.000000 -661.000000 -48.333333 -220.333333 51.942503 -6.530961 7.019257
23.987305 0.000000 -120.000000 -726.000000 -40.000000 -242.000000 57.741020 -2.807703 -6.347850
24.050537 0.000000 -90.000000 -783.000000 -30.000000 -261.000000 47.914060 5.493332 -26.551103
16.047607 0.000000 -77.000000 -824.000000 -25.666667 -274.666667 36.561174 0.000000 -56.764428
24.120605 0.000000 -74.000000 -831.000000 -24.666667 -277.000000 23.865474 -1.403851 -79.348125
24.063965 0.000000 -70.000000 -804.000000 -23.333333 -268.000000 28.321177 2.685629 -111.514634
24.035400 0.000000 -59.000000 -695.000000 -19.666667 -231.666667 23.194067 8.423109 -137.577441
24.033691 0.000000 -60.000000 -570.000000 -20.000000 -190.000000 23.743400 8.728294 -167.302469
15.992920 0.000000 -58.000000 -408.000000 -19.333333 -136.000000 17.456587 9.826960 -199.591052
16.038818 0.000000 -53.000000 -247.000000 -17.666667 -82.333333 23.560289 11.719108 -198.065126
16.091797 0.000000 -46.000000 -123.000000 -15.333333 -41.000000 15.991699 9.460738 -158.391064
15.941406 0.000000 -36.000000 56.000000 -12.000000 18.666667 17.517624 9.155553 -123.905148
16.125732 0.000000 -23.000000 166.000000 -7.666667 55.333333 13.000885 12.329478 -99.063082
16.015137 0.000000 -13.000000 218.000000 -4.333333 72.666667 9.094516 9.643849 -84.963530
16.025146 0.000000 2.000000 263.000000 0.666667 87.666667 5.005036 2.685629 -71.657460
15.979004 0.000000 12.000000 295.000000 4.000000 98.333333 1.586962 0.976592 -54.811243
16.092285 0.000000 31.000000 307.000000 10.333333 102.333333 -2.258370 5.615406 -35.401471
16.025391 0.000000 40.000000 304.000000 13.333333 101.333333 -7.324442 4.577776 -14.648885
16.033447 0.000000 48.000000 259.000000 16.000000 86.333333 -13.428144 1.220740 5.920591
16.038818 0.000000 47.000000 176.000000 15.666667 58.666667 -13.855403 -2.319407 24.781030
16.047363 0.000000 47.000000 54.000000 15.666667 18.000000 -17.273476 -6.164739 42.481765
16.039307 0.000000 47.000000 -32.000000 15.666667 -10.666667 -16.235847 -6.530961 62.013611
24.085205 0.000000 48.000000 -196.000000 16.000000 -65.333333 -15.808588 -0.366222 41.077914
24.010010 0.000000 39.000000 -404.000000 13.000000 -134.666667 -15.320292 4.882962 -13.733329
24.084717 0.000000 32.000000 -503.000000 10.666667 -167.666667 -14.404736 -2.502518 -57.618946
24.000000 0.000000 26.000000 -572.000000 8.666667 -190.666667 -13.977477 4.394665 -79.714347
24.084717 0.000000 11.000000 -571.000000 3.666667 -190.333333 -6.591998 8.728294 -99.856563
24.078857 0.000000 -7.000000 -564.000000 -2.333333 -188.000000 -6.225776 2.563555 -128.727073
24.037109 0.000000 -25.000000 -497.000000 -8.333333 -165.666667 0.488296 1.831111 -162.907804
24.158447 0.000000 -36.000000 -362.000000 -12.000000 -120.666667 3.540147 9.643849 -190.801721
23.912109 0.000000 -50.000000 -162.000000 -16.666667 -54.000000 7.324442 6.103702 -154.545732
24.155762 0.000000 -57.000000 20.000000 -19.000000 6.666667 14.770959 3.051851 -112.491226
23.996582 0.000000 -53.000000 149.000000 -17.666667 49.666667 16.113773 6.103702 -79.409162
24.125732 0.000000 -45.000000 227.000000 -15.000000 75.666667 19.898068 4.577776 -58.168279
16.034424 0.000000 -32.000000 264.000000 -10.666667 88.000000 19.165624 1.770074 -31.250954
15.939453 0.000000 -22.000000 265.000000 -7.333333 88.333333 10.559404 -0.854518 -11.413923
16.018555 0.000000 -15.000000 254.000000 -5.000000 84.666667 9.338664 -0.427259 7.446516
24.138916 0.000000 -6.000000 211.000000 -2.000000 70.333333 5.005036 0.732444 27.100436
24.023193 0.000000 7.000000 114.000000 2.333333 38.000000 4.516739 -3.051851 58.534501
24.116699 0.000000 19.000000 -1.000000 6.333333 -0.333333 1.403851 -10.071108 83.010346
23.986572 0.000000 34.000000 -214.000000 11.333333 -71.333333 -1.037629 2.075259 35.828730
24.113281 0.000000 43.000000 -319.000000 14.333333 -106.333333 -10.925626 -0.549333 -15.320292
24.069336 1.000000 0.000000 0.000000 0.000000 0.000000 -9.338664 0.427259 -49.928282
24.050293 0.000000 49.000000 -276.000000 16.333333 -92.000000 -12.695700 5.249184 -69.704276
16.036865 0.000000 48.000000 -174.000000 16.000000 -58.000000 -4.577776 0.000000 -26.978362
16.047363 0.000000 55.000000 -161.000000 18.333333 -53.666667 -27.344584 -1.709037 -24.903104
15.936523 0.000000 56.000000 -120.000000 18.666667 -40.000000 -8.362072 6.347850 -59.938353
24.076904 0.000000 52.000000 -81.000000 17.333333 -27.000000 -24.414808 3.051851 -55.787835
16.098389 0.000000 44.000000 28.000000 14.666667 9.333333 -15.015107 -2.136296 -24.964141
16.050781 0.000000 43.000000 83.000000 14.333333 27.666667 -18.311106 2.746666 -9.826960
16.056152 0.000000 36.000000 120.000000 12.000000 40.000000 -9.643849 4.089480 6.530961
15.930420 0.000000 33.000000 125.000000 11.000000 41.666667 -15.198218 -1.464888 31.983398
16.051025 0.000000 32.000000 106.000000 10.666667 35.333333 -8.484146 -5.005036 51.698355
16.026367 0.000000 41.000000 65.000000 13.666667 21.666667 -13.061922 -3.967406 58.900723
16.083008 0.000000 46.000000 23.000000 15.333333 7.666667 -11.230811 2.136296 32.105472
16.002930 0.000000 50.000000 -46.000000 16.666667 -15.333333 -15.076144 5.676443 0.427259
24.017578 0.000000 50.000000 -72.000000 16.666667 -24.000000 -16.113773 1.648000 -16.663106
24.083008 0.000000 56.000000 -78.000000 18.666667 -26.000000 -15.442366 -3.967406 -30.945769
24.058838 0.000000 64.000000 -56.000000 21.333333 -18.666667 -16.296884 2.685629 -31.739250
24.077637 0.000000 65.000000 -28.000000 21.666667 -9.333333 -19.898068 1.281777 -20.203253
24.030762 0.000000 65.000000 -6.000000 21.666667 -2.000000 -21.973327 -3.173925 -8.545183
24.037842 0.000000 54.000000 5.000000 18.000000 1.666667 -21.485031 -2.380444 -2.014222
16.078857 1.000000 0.000000 0.000000 0.000000 0.000000 -20.752586 2.197333 2.990814
24.062256 0.000000 28.000000 23.000000 9.333333 7.666667 -12.390515 2.319407 4.455702
16.022949 0.000000 17.000000 38.000000 5.666667 12.666667 1.831111 -2.685629 -1.831111
16.034180 0.000000 19.000000 50.000000 6.333333 16.666667 -19.592883 -1.342814 8.850368
15.990967 0.000000 6.000000 70.000000 2.000000 23.333333 3.784295 1.831111 19.409772
16.098877 0.000000 -2.000000 73.000000 -0.666667 24.333333 -10.254219 3.479110 24.536882
23.962158 0.000000 -12.000000 67.000000 -4.000000 22.333333 4.699850 1.892148 30.762658
24.139893 0.000000 -32.000000 31.000000 -10.666667 10.333333 -0.915555 -0.610370 23.377178
24.067139 0.000000 -46.000000 -7.000000 -15.333333 -2.333333 4.028443 0.061037 16.968291
23.997314 0.000000 -53.000000 -43.000000 -17.666667 -14.333333 14.465773 4.272591 0.976592
24.112061 0.000000 -58.000000 -70.000000 -19.333333 -23.333333 17.334513 -0.244148 -12.451552
15.996582 0.000000 -54.000000 -84.000000 -18.000000 -28.000000 18.494217 -1.464888 -21.240883
16.057617 0.000000 -52.000000 -81.000000 -17.333333 -27.000000 19.592883 -0.488296 -28.626362
16.032715 0.000000 -42.000000 -77.000000 -14.000000 -25.666667 16.541032 0.732444 -34.363842
15.960449 0.000000 -36.000000 -68.000000 -12.000000 -22.666667 16.418958 -1.342814 -27.832881
16.030029 0.000000 -30.000000 -64.000000 -10.000000 -21.333333 11.352886 -0.305185 -19.714957
15.992676 0.000000 -23.000000 -61.000000 -7.666667 -20.333333 12.024293 -0.671407 -15.259255
16.020020 0.000000 -19.000000 -59.000000 -6.333333 -19.666667 7.812738 -1.281777 -15.686514
16.051514 0.000000 -19.000000 -56.000000 -6.333333 -18.666667 7.690664 0.000000 -18.494217
16.012939 0.000000 -20.000000 -45.000000 -6.666667 -15.000000 6.164739 0.427259 -18.250069
16.038818 0.000000 -19.000000 -33.000000 -6.333333 -11.000000 6.836146 -0.305185 -17.517624
16.021973 0.000000 -20.000000 -21.000000 -6.666667 -7.000000 6.530961 -1.342814 -12.512589
24.128174 0.000000 -24.000000 1.000000 -8.000000 0.333333 6.103702 -0.366222 -5.798517
14.113525 0.000000 -31.000000 0.000000 -10.333333 0.000000 6.958220 0.976592 -3.601184
17.913818 0.000000 -34.000000 -1.000000 -11.333333 -0.333333 8.606220 0.244148 2.197333
24.144043 0.000000 -39.000000 -8.000000 -13.000000 -2.666667 7.873775 -1.648000 5.188147
24.017090 0.000000 -45.000000 -23.000000 -15.000000 -7.666667 13.977477 0.915555 -4.394665
24.007568 0.000000 -50.000000 -42.000000 -16.666667 -14.000000 11.780145 1.648000 -6.103702
24.116211 0.000000 -54.000000 -56.000000 -18.000000 -18.666667 17.029328 1.586962 -11.108737
